<?xml version="1.0" encoding="UTF-8"?>
<!-- Generated by org.testng.reporters.JUnitReportReporter -->
<testsuite hostname="DESKTOP-151HMJB" failures="0" tests="1" name="test1.Requests" time="5.807" errors="0" timestamp="2023-09-19T22:12:58 IST" skipped="0">
  <testcase classname="test1.Requests" name="apple1" time="5.807"/>
  <system-out/>
</testsuite> <!-- test1.Requests -->
